2024-05-23 21:27 | INFO | - Namespace(dataset='nuswide10k', root='/data2/knif/dataset/', bit=32, num_workers=12, Epoch=10, batch_size=64, arch='ViT', noise=True, lr=0.0001, gpu='0', seed=2021, eval_epoch=2, log_id='', warm_up=5, tau=0.9, theta_s=0.5, temp=0.1, nr=0.6, noiseType='pairflip', num_classes=10, num_query=2000, num_train=8000, multi_labels=True, mean=[0.485, 0.456, 0.406], std=[0.229, 0.224, 0.225], img_size=224, K=100, theta_c=0.8, device=device(type='cuda'))
2024-05-23 21:27 | INFO | - [Epoch 1]:
2024-05-23 21:31 | INFO | - [Epoch 2]:
2024-05-23 21:34 | INFO | - A map@All: 0.7495, map@5000: 0.7808


2024-05-23 21:35 | INFO | - B map@All: 0.7271, map@5000: 0.7599


2024-05-23 21:35 | INFO | - [Epoch 3]:
2024-05-23 21:39 | INFO | - [Epoch 4]:
2024-05-23 21:43 | INFO | - A map@All: 0.7659, map@5000: 0.8021


2024-05-23 21:43 | INFO | - B map@All: 0.7542, map@5000: 0.7924


2024-05-23 21:43 | INFO | - [Epoch 5]:
2024-05-23 21:48 | INFO | - [Epoch 6]:
2024-05-23 21:51 | INFO | - A map@All: 0.7719, map@5000: 0.8092


2024-05-23 21:51 | INFO | - B map@All: 0.7699, map@5000: 0.8093


2024-05-23 21:51 | INFO | - [Epoch 7]:
2024-05-23 21:56 | INFO | - [Epoch 8]:
2024-05-23 21:59 | INFO | - A map@All: 0.7723, map@5000: 0.8089


2024-05-23 21:59 | INFO | - B map@All: 0.7728, map@5000: 0.8120


2024-05-23 21:59 | INFO | - [Epoch 9]:
2024-05-23 22:04 | INFO | - [Epoch 10]:
2024-05-23 22:07 | INFO | - A map@All: 0.7751, map@5000: 0.8120


2024-05-23 22:08 | INFO | - B map@All: 0.7757, map@5000: 0.8147


2024-05-24 13:39 | INFO | - Namespace(dataset='nuswide10k', root='/data2/knif/dataset/', bit=32, num_workers=12, Epoch=10, batch_size=64, arch='ViT', noise=True, lr=0.0001, gpu='0', seed=2021, eval_epoch=2, log_id='', warm_up=5, tau=0.9, theta_s=0.5, temp=0.1, nr=0.6, noiseType='symmetric', num_classes=10, num_query=2000, num_train=8000, multi_labels=True, mean=[0.485, 0.456, 0.406], std=[0.229, 0.224, 0.225], img_size=224, K=100, theta_c=0.8, device=device(type='cuda'))
2024-05-24 13:40 | INFO | - [Epoch 1]:
2024-05-24 13:45 | INFO | - [Epoch 2]:
2024-05-24 13:50 | INFO | - A map@All: 0.7157, map@5000: 0.7454


2024-05-24 13:51 | INFO | - B map@All: 0.7146, map@5000: 0.7413


2024-05-24 13:51 | INFO | - [Epoch 3]:
2024-05-24 13:56 | INFO | - [Epoch 4]:
2024-05-24 14:02 | INFO | - A map@All: 0.7425, map@5000: 0.7740


2024-05-24 14:02 | INFO | - B map@All: 0.7501, map@5000: 0.7792


2024-05-24 14:02 | INFO | - [Epoch 5]:
2024-05-24 14:07 | INFO | - [Epoch 6]:
2024-05-24 14:13 | INFO | - A map@All: 0.7487, map@5000: 0.7811


2024-05-24 14:14 | INFO | - B map@All: 0.7550, map@5000: 0.7841


2024-05-24 14:14 | INFO | - [Epoch 7]:
2024-05-24 14:19 | INFO | - [Epoch 8]:
2024-05-24 14:24 | INFO | - A map@All: 0.7432, map@5000: 0.7767


2024-05-24 14:25 | INFO | - B map@All: 0.7550, map@5000: 0.7838


2024-05-24 14:25 | INFO | - [Epoch 9]:
2024-05-24 14:30 | INFO | - [Epoch 10]:
2024-05-24 14:36 | INFO | - A map@All: 0.7428, map@5000: 0.7770


2024-05-24 14:36 | INFO | - B map@All: 0.7555, map@5000: 0.7839


2024-05-24 15:21 | INFO | - Namespace(dataset='nuswide10k', root='/data2/knif/dataset/', bit=32, num_workers=12, Epoch=20, batch_size=64, arch='ViT', noise=True, lr=0.0001, gpu='0', seed=2021, eval_epoch=2, log_id='', warm_up=5, tau=0.9, theta_s=0.5, temp=0.1, nr=0.6, noiseType='symmetric', num_classes=10, num_query=2000, num_train=8000, multi_labels=True, mean=[0.485, 0.456, 0.406], std=[0.229, 0.224, 0.225], img_size=224, K=100, theta_c=0.8, device=device(type='cuda'))
2024-05-24 15:21 | INFO | - [Epoch 1]:
2024-05-24 15:22 | INFO | - Namespace(dataset='nuswide10k', root='/data2/knif/dataset/', bit=32, num_workers=12, Epoch=20, batch_size=64, arch='ViT', noise=True, lr=0.0001, gpu='0', seed=2021, eval_epoch=2, log_id='', warm_up=5, tau=0.9, theta_s=0.5, temp=0.1, nr=0.6, noiseType='symmetric', num_classes=10, num_query=2000, num_train=8000, multi_labels=True, mean=[0.485, 0.456, 0.406], std=[0.229, 0.224, 0.225], img_size=224, K=100, theta_c=0.8, device=device(type='cuda'))
2024-05-24 15:22 | INFO | - [Epoch 1]:
2024-05-24 15:26 | INFO | - [Epoch 2]:
2024-05-24 15:29 | INFO | - Namespace(dataset='nuswide10k', root='/data2/knif/dataset/', bit=32, num_workers=12, Epoch=20, batch_size=64, arch='ViT', noise=True, lr=0.0001, gpu='0', seed=2021, eval_epoch=2, log_id='', warm_up=5, tau=0.9, theta_s=0.5, temp=0.1, nr=0.6, noiseType='symmetric', num_classes=10, num_query=2000, num_train=8000, multi_labels=True, mean=[0.485, 0.456, 0.406], std=[0.229, 0.224, 0.225], img_size=224, K=100, theta_c=0.8, device=device(type='cuda'))
2024-05-24 15:29 | INFO | - [Epoch 1]:
2024-05-24 15:31 | INFO | - Namespace(dataset='nuswide10k', root='/data2/knif/dataset/', bit=32, num_workers=12, Epoch=20, batch_size=64, arch='ViT', noise=True, lr=0.0001, gpu='0', seed=2021, eval_epoch=2, log_id='', warm_up=5, tau=0.9, theta_s=0.5, temp=0.1, nr=0.6, noiseType='symmetric', num_classes=10, num_query=2000, num_train=8000, multi_labels=True, mean=[0.485, 0.456, 0.406], std=[0.229, 0.224, 0.225], img_size=224, K=100, theta_c=0.8, device=device(type='cuda'))
2024-05-24 15:32 | INFO | - [Epoch 1]:
2024-05-24 15:37 | INFO | - [Epoch 2]:
2024-05-24 15:43 | INFO | - A map@All: 0.7157, map@5000: 0.7454


2024-05-24 15:44 | INFO | - B map@All: 0.7146, map@5000: 0.7413


2024-05-24 15:44 | INFO | - [Epoch 3]:
2024-05-24 15:49 | INFO | - Namespace(dataset='nuswide10k', root='/data2/knif/dataset/', bit=32, num_workers=12, Epoch=20, batch_size=64, arch='ViT', noise=True, lr=0.0001, gpu='0', seed=2021, eval_epoch=2, log_id='', warm_up=5, tau=0.9, theta_s=0.5, temp=0.1, nr=0.6, noiseType='symmetric', num_classes=10, num_query=2000, num_train=8000, multi_labels=True, mean=[0.485, 0.456, 0.406], std=[0.229, 0.224, 0.225], img_size=224, K=100, theta_c=0.8, device=device(type='cuda'))
2024-05-24 15:49 | INFO | - [Epoch 1]:
2024-05-24 15:54 | INFO | - [Epoch 2]:
2024-05-24 15:59 | INFO | - A map@All: 0.7157, map@5000: 0.7454


2024-05-24 16:00 | INFO | - B map@All: 0.7146, map@5000: 0.7413


2024-05-24 16:00 | INFO | - [Epoch 3]:
2024-05-24 16:05 | INFO | - [Epoch 4]:
2024-05-24 16:11 | INFO | - A map@All: 0.7425, map@5000: 0.7740


2024-05-24 16:12 | INFO | - B map@All: 0.7501, map@5000: 0.7792


2024-05-24 16:12 | INFO | - [Epoch 5]:
2024-05-24 16:16 | INFO | - [Epoch 6]:
2024-05-24 16:20 | INFO | - A map@All: 0.7480, map@5000: 0.7742


2024-05-24 16:21 | INFO | - B map@All: 0.7277, map@5000: 0.7547


2024-05-24 16:21 | INFO | - [Epoch 7]:
2024-05-24 16:23 | INFO | - [Epoch 8]:
2024-05-24 16:26 | INFO | - A map@All: 0.7202, map@5000: 0.7470


2024-05-24 16:27 | INFO | - B map@All: 0.7027, map@5000: 0.7323


2024-05-24 16:27 | INFO | - [Epoch 9]:
2024-05-24 16:29 | INFO | - [Epoch 10]:
2024-05-24 16:33 | INFO | - A map@All: 0.7337, map@5000: 0.7630


2024-05-24 16:33 | INFO | - B map@All: 0.7174, map@5000: 0.7468


2024-05-24 16:33 | INFO | - [Epoch 11]:
2024-05-24 16:36 | INFO | - [Epoch 12]:
2024-05-24 16:39 | INFO | - A map@All: 0.7285, map@5000: 0.7571


2024-05-24 16:39 | INFO | - B map@All: 0.7091, map@5000: 0.7385


2024-05-24 16:39 | INFO | - [Epoch 13]:
2024-05-24 16:42 | INFO | - [Epoch 14]:
2024-05-24 16:45 | INFO | - A map@All: 0.7229, map@5000: 0.7514


2024-05-24 16:46 | INFO | - B map@All: 0.7057, map@5000: 0.7350


2024-05-24 16:46 | INFO | - [Epoch 15]:
2024-05-24 16:49 | INFO | - [Epoch 16]:
2024-05-24 16:53 | INFO | - A map@All: 0.7194, map@5000: 0.7482


2024-05-24 16:53 | INFO | - B map@All: 0.7031, map@5000: 0.7328


2024-05-24 16:53 | INFO | - [Epoch 17]:
2024-05-24 16:56 | INFO | - [Epoch 18]:
2024-05-24 17:00 | INFO | - A map@All: 0.7171, map@5000: 0.7463


2024-05-24 17:01 | INFO | - B map@All: 0.6999, map@5000: 0.7299


2024-05-24 17:01 | INFO | - [Epoch 19]:
2024-05-24 17:04 | INFO | - [Epoch 20]:
2024-05-24 17:08 | INFO | - A map@All: 0.7138, map@5000: 0.7435


2024-05-24 17:09 | INFO | - B map@All: 0.6957, map@5000: 0.7263


2024-05-24 17:12 | INFO | - Namespace(dataset='nuswide10k', root='/data2/knif/dataset/', bit=32, num_workers=12, Epoch=10, batch_size=64, arch='ViT', noise=True, lr=0.0001, gpu='0', seed=2021, eval_epoch=2, log_id='', warm_up=5, tau=0.9, theta_s=0.5, temp=0.1, nr=0.6, noiseType='symmetric', num_classes=10, num_query=2000, num_train=8000, multi_labels=True, mean=[0.485, 0.456, 0.406], std=[0.229, 0.224, 0.225], img_size=224, K=100, theta_c=0.8, device=device(type='cuda'))
2024-05-24 17:12 | INFO | - [Epoch 1]:
2024-05-24 17:17 | INFO | - [Epoch 2]:
2024-05-24 17:23 | INFO | - A map@All: 0.7157, map@5000: 0.7454


2024-05-24 17:23 | INFO | - B map@All: 0.7146, map@5000: 0.7413


2024-05-24 17:23 | INFO | - [Epoch 3]:
2024-05-24 17:28 | INFO | - [Epoch 4]:
2024-05-24 17:35 | INFO | - A map@All: 0.7425, map@5000: 0.7740


2024-05-24 17:35 | INFO | - B map@All: 0.7501, map@5000: 0.7792


2024-05-24 17:35 | INFO | - [Epoch 5]:
2024-05-24 17:40 | INFO | - [Epoch 6]:
2024-05-24 17:44 | INFO | - A map@All: 0.7559, map@5000: 0.7861


2024-05-24 17:45 | INFO | - B map@All: 0.7552, map@5000: 0.7838


2024-05-24 17:45 | INFO | - [Epoch 7]:
2024-05-24 17:47 | INFO | - [Epoch 8]:
2024-05-24 17:51 | INFO | - A map@All: 0.7559, map@5000: 0.7834


2024-05-24 17:52 | INFO | - B map@All: 0.7497, map@5000: 0.7763


2024-05-24 17:52 | INFO | - [Epoch 9]:
2024-05-24 17:55 | INFO | - [Epoch 10]:
2024-05-24 17:58 | INFO | - A map@All: 0.7548, map@5000: 0.7814


2024-05-24 17:59 | INFO | - B map@All: 0.7424, map@5000: 0.7687


